C:\Users\ramachandranv_admin\source\repos\WebJet\AngularUI\dist\out-tsc\e2e\app.po.js
C:\Users\ramachandranv_admin\source\repos\WebJet\AngularUI\dist\out-tsc\e2e\app.po.js.map
C:\Users\ramachandranv_admin\source\repos\WebJet\AngularUI\dist\out-tsc\e2e\app.e2e-spec.js
C:\Users\ramachandranv_admin\source\repos\WebJet\AngularUI\dist\out-tsc\e2e\app.e2e-spec.js.map
C:\Users\ramachandranv_admin\source\repos\WebJet\AngularUI\dist\out-tsc\src\app\app.component.js
C:\Users\ramachandranv_admin\source\repos\WebJet\AngularUI\dist\out-tsc\src\app\app.component.js.map
C:\Users\ramachandranv_admin\source\repos\WebJet\AngularUI\dist\out-tsc\src\app\app.constants.js
C:\Users\ramachandranv_admin\source\repos\WebJet\AngularUI\dist\out-tsc\src\app\app.constants.js.map
C:\Users\ramachandranv_admin\source\repos\WebJet\AngularUI\dist\out-tsc\src\app\models\movieLoadStatus.js
C:\Users\ramachandranv_admin\source\repos\WebJet\AngularUI\dist\out-tsc\src\app\models\movieLoadStatus.js.map
C:\Users\ramachandranv_admin\source\repos\WebJet\AngularUI\dist\out-tsc\src\app\models\movieDetails.js
C:\Users\ramachandranv_admin\source\repos\WebJet\AngularUI\dist\out-tsc\src\app\models\movieDetails.js.map
C:\Users\ramachandranv_admin\source\repos\WebJet\AngularUI\dist\out-tsc\src\app\models\movie.js
C:\Users\ramachandranv_admin\source\repos\WebJet\AngularUI\dist\out-tsc\src\app\models\movie.js.map
C:\Users\ramachandranv_admin\source\repos\WebJet\AngularUI\dist\out-tsc\src\app\models\movies.js
C:\Users\ramachandranv_admin\source\repos\WebJet\AngularUI\dist\out-tsc\src\app\models\movies.js.map
C:\Users\ramachandranv_admin\source\repos\WebJet\AngularUI\dist\out-tsc\src\app\services\common.service.js
C:\Users\ramachandranv_admin\source\repos\WebJet\AngularUI\dist\out-tsc\src\app\services\common.service.js.map
C:\Users\ramachandranv_admin\source\repos\WebJet\AngularUI\dist\out-tsc\src\app\services\httpHeader.service.js
C:\Users\ramachandranv_admin\source\repos\WebJet\AngularUI\dist\out-tsc\src\app\services\httpHeader.service.js.map
C:\Users\ramachandranv_admin\source\repos\WebJet\AngularUI\dist\out-tsc\src\app\models\auth\token-model.js
C:\Users\ramachandranv_admin\source\repos\WebJet\AngularUI\dist\out-tsc\src\app\models\auth\token-model.js.map
C:\Users\ramachandranv_admin\source\repos\WebJet\AngularUI\dist\out-tsc\src\app\services\tokenAuthentication.service.js
C:\Users\ramachandranv_admin\source\repos\WebJet\AngularUI\dist\out-tsc\src\app\services\tokenAuthentication.service.js.map
C:\Users\ramachandranv_admin\source\repos\WebJet\AngularUI\dist\out-tsc\src\app\services\movies.service.js
C:\Users\ramachandranv_admin\source\repos\WebJet\AngularUI\dist\out-tsc\src\app\services\movies.service.js.map
C:\Users\ramachandranv_admin\source\repos\WebJet\AngularUI\dist\out-tsc\src\app\models\movieServiceSettings.js
C:\Users\ramachandranv_admin\source\repos\WebJet\AngularUI\dist\out-tsc\src\app\models\movieServiceSettings.js.map
C:\Users\ramachandranv_admin\source\repos\WebJet\AngularUI\dist\out-tsc\src\app\models\movieLoadingStatus.js
C:\Users\ramachandranv_admin\source\repos\WebJet\AngularUI\dist\out-tsc\src\app\models\movieLoadingStatus.js.map
C:\Users\ramachandranv_admin\source\repos\WebJet\AngularUI\dist\out-tsc\src\app\movies\movies.component.js
C:\Users\ramachandranv_admin\source\repos\WebJet\AngularUI\dist\out-tsc\src\app\movies\movies.component.js.map
C:\Users\ramachandranv_admin\source\repos\WebJet\AngularUI\dist\out-tsc\src\app\movie\movie.component.js
C:\Users\ramachandranv_admin\source\repos\WebJet\AngularUI\dist\out-tsc\src\app\movie\movie.component.js.map
C:\Users\ramachandranv_admin\source\repos\WebJet\AngularUI\dist\out-tsc\src\app\app-routing.module.js
C:\Users\ramachandranv_admin\source\repos\WebJet\AngularUI\dist\out-tsc\src\app\app-routing.module.js.map
C:\Users\ramachandranv_admin\source\repos\WebJet\AngularUI\dist\out-tsc\src\app\components\movie-service-availability\movie-service-availability.component.js
C:\Users\ramachandranv_admin\source\repos\WebJet\AngularUI\dist\out-tsc\src\app\components\movie-service-availability\movie-service-availability.component.js.map
C:\Users\ramachandranv_admin\source\repos\WebJet\AngularUI\dist\out-tsc\src\app\app.module.js
C:\Users\ramachandranv_admin\source\repos\WebJet\AngularUI\dist\out-tsc\src\app\app.module.js.map
C:\Users\ramachandranv_admin\source\repos\WebJet\AngularUI\dist\out-tsc\src\environments\environment.js
C:\Users\ramachandranv_admin\source\repos\WebJet\AngularUI\dist\out-tsc\src\environments\environment.js.map
C:\Users\ramachandranv_admin\source\repos\WebJet\AngularUI\dist\out-tsc\src\main.js
C:\Users\ramachandranv_admin\source\repos\WebJet\AngularUI\dist\out-tsc\src\main.js.map
C:\Users\ramachandranv_admin\source\repos\WebJet\AngularUI\dist\out-tsc\src\polyfills.js
C:\Users\ramachandranv_admin\source\repos\WebJet\AngularUI\dist\out-tsc\src\polyfills.js.map
C:\Users\ramachandranv_admin\source\repos\WebJet\AngularUI\dist\out-tsc\src\test.js
C:\Users\ramachandranv_admin\source\repos\WebJet\AngularUI\dist\out-tsc\src\test.js.map
C:\Users\ramachandranv_admin\source\repos\WebJet\AngularUI\dist\out-tsc\src\environments\environment.prod.js
C:\Users\ramachandranv_admin\source\repos\WebJet\AngularUI\dist\out-tsc\src\environments\environment.prod.js.map
C:\Users\ramachandranv_admin\source\repos\WebJet\AngularUI\dist\out-tsc\src\app\services\common.service.spec.js
C:\Users\ramachandranv_admin\source\repos\WebJet\AngularUI\dist\out-tsc\src\app\services\common.service.spec.js.map
C:\Users\ramachandranv_admin\source\repos\WebJet\AngularUI\dist\out-tsc\src\app\services\httpHeader.service.spec.js
C:\Users\ramachandranv_admin\source\repos\WebJet\AngularUI\dist\out-tsc\src\app\services\httpHeader.service.spec.js.map
